ARM GAS  C:\Users\PC\AppData\Local\Temp\ccjQtjTS.s 			page 1


   1              		.cpu cortex-m3
   2              		.arch armv7-m
   3              		.fpu softvfp
   4              		.eabi_attribute 20, 1
   5              		.eabi_attribute 21, 1
   6              		.eabi_attribute 23, 3
   7              		.eabi_attribute 24, 1
   8              		.eabi_attribute 25, 1
   9              		.eabi_attribute 26, 1
  10              		.eabi_attribute 30, 1
  11              		.eabi_attribute 34, 1
  12              		.eabi_attribute 18, 4
  13              		.file	"stm32f1xx_it.c"
  14              		.text
  15              	.Ltext0:
  16              		.cfi_sections	.debug_frame
  17              		.file 1 "Core/Src/stm32f1xx_it.c"
  18              		.section	.text.NMI_Handler,"ax",%progbits
  19              		.align	1
  20              		.global	NMI_Handler
  21              		.syntax unified
  22              		.thumb
  23              		.thumb_func
  25              	NMI_Handler:
  26              	.LFB65:
   1:Core/Src/stm32f1xx_it.c **** #include "main.h"
   2:Core/Src/stm32f1xx_it.c **** #include "stm32f1xx_it.h"
   3:Core/Src/stm32f1xx_it.c **** 
   4:Core/Src/stm32f1xx_it.c **** void NMI_Handler(void)
   5:Core/Src/stm32f1xx_it.c **** {
  27              		.loc 1 5 1 view -0
  28              		.cfi_startproc
  29              		@ args = 0, pretend = 0, frame = 0
  30              		@ frame_needed = 0, uses_anonymous_args = 0
  31              		@ link register save eliminated.
   6:Core/Src/stm32f1xx_it.c **** }
  32              		.loc 1 6 1 view .LVU1
  33 0000 7047     		bx	lr
  34              		.cfi_endproc
  35              	.LFE65:
  37              		.section	.text.HardFault_Handler,"ax",%progbits
  38              		.align	1
  39              		.global	HardFault_Handler
  40              		.syntax unified
  41              		.thumb
  42              		.thumb_func
  44              	HardFault_Handler:
  45              	.LFB66:
   7:Core/Src/stm32f1xx_it.c **** 
   8:Core/Src/stm32f1xx_it.c **** void HardFault_Handler(void)
   9:Core/Src/stm32f1xx_it.c **** {
  46              		.loc 1 9 1 view -0
  47              		.cfi_startproc
  48              		@ Volatile: function does not return.
  49              		@ args = 0, pretend = 0, frame = 0
  50              		@ frame_needed = 0, uses_anonymous_args = 0
  51              		@ link register save eliminated.
ARM GAS  C:\Users\PC\AppData\Local\Temp\ccjQtjTS.s 			page 2


  52              	.L3:
  10:Core/Src/stm32f1xx_it.c ****   while (1)
  53              		.loc 1 10 3 view .LVU3
  11:Core/Src/stm32f1xx_it.c ****   {
  12:Core/Src/stm32f1xx_it.c ****   }
  54              		.loc 1 12 3 view .LVU4
  10:Core/Src/stm32f1xx_it.c ****   while (1)
  55              		.loc 1 10 9 view .LVU5
  56 0000 FEE7     		b	.L3
  57              		.cfi_endproc
  58              	.LFE66:
  60              		.section	.text.MemManage_Handler,"ax",%progbits
  61              		.align	1
  62              		.global	MemManage_Handler
  63              		.syntax unified
  64              		.thumb
  65              		.thumb_func
  67              	MemManage_Handler:
  68              	.LFB67:
  13:Core/Src/stm32f1xx_it.c **** }
  14:Core/Src/stm32f1xx_it.c **** 
  15:Core/Src/stm32f1xx_it.c **** void MemManage_Handler(void)
  16:Core/Src/stm32f1xx_it.c **** {
  69              		.loc 1 16 1 view -0
  70              		.cfi_startproc
  71              		@ Volatile: function does not return.
  72              		@ args = 0, pretend = 0, frame = 0
  73              		@ frame_needed = 0, uses_anonymous_args = 0
  74              		@ link register save eliminated.
  75              	.L5:
  17:Core/Src/stm32f1xx_it.c ****   while (1)
  76              		.loc 1 17 3 view .LVU7
  18:Core/Src/stm32f1xx_it.c ****   {
  19:Core/Src/stm32f1xx_it.c ****   }
  77              		.loc 1 19 3 view .LVU8
  17:Core/Src/stm32f1xx_it.c ****   while (1)
  78              		.loc 1 17 9 view .LVU9
  79 0000 FEE7     		b	.L5
  80              		.cfi_endproc
  81              	.LFE67:
  83              		.section	.text.BusFault_Handler,"ax",%progbits
  84              		.align	1
  85              		.global	BusFault_Handler
  86              		.syntax unified
  87              		.thumb
  88              		.thumb_func
  90              	BusFault_Handler:
  91              	.LFB68:
  20:Core/Src/stm32f1xx_it.c **** }
  21:Core/Src/stm32f1xx_it.c **** 
  22:Core/Src/stm32f1xx_it.c **** void BusFault_Handler(void)
  23:Core/Src/stm32f1xx_it.c **** {
  92              		.loc 1 23 1 view -0
  93              		.cfi_startproc
  94              		@ Volatile: function does not return.
  95              		@ args = 0, pretend = 0, frame = 0
  96              		@ frame_needed = 0, uses_anonymous_args = 0
ARM GAS  C:\Users\PC\AppData\Local\Temp\ccjQtjTS.s 			page 3


  97              		@ link register save eliminated.
  98              	.L7:
  24:Core/Src/stm32f1xx_it.c ****   while (1)
  99              		.loc 1 24 3 view .LVU11
  25:Core/Src/stm32f1xx_it.c ****   {
  26:Core/Src/stm32f1xx_it.c ****   }
 100              		.loc 1 26 3 view .LVU12
  24:Core/Src/stm32f1xx_it.c ****   while (1)
 101              		.loc 1 24 9 view .LVU13
 102 0000 FEE7     		b	.L7
 103              		.cfi_endproc
 104              	.LFE68:
 106              		.section	.text.UsageFault_Handler,"ax",%progbits
 107              		.align	1
 108              		.global	UsageFault_Handler
 109              		.syntax unified
 110              		.thumb
 111              		.thumb_func
 113              	UsageFault_Handler:
 114              	.LFB69:
  27:Core/Src/stm32f1xx_it.c **** }
  28:Core/Src/stm32f1xx_it.c **** 
  29:Core/Src/stm32f1xx_it.c **** void UsageFault_Handler(void)
  30:Core/Src/stm32f1xx_it.c **** {
 115              		.loc 1 30 1 view -0
 116              		.cfi_startproc
 117              		@ Volatile: function does not return.
 118              		@ args = 0, pretend = 0, frame = 0
 119              		@ frame_needed = 0, uses_anonymous_args = 0
 120              		@ link register save eliminated.
 121              	.L9:
  31:Core/Src/stm32f1xx_it.c ****   while (1)
 122              		.loc 1 31 3 view .LVU15
  32:Core/Src/stm32f1xx_it.c ****   {
  33:Core/Src/stm32f1xx_it.c ****   }
 123              		.loc 1 33 3 view .LVU16
  31:Core/Src/stm32f1xx_it.c ****   while (1)
 124              		.loc 1 31 9 view .LVU17
 125 0000 FEE7     		b	.L9
 126              		.cfi_endproc
 127              	.LFE69:
 129              		.section	.text.SVC_Handler,"ax",%progbits
 130              		.align	1
 131              		.global	SVC_Handler
 132              		.syntax unified
 133              		.thumb
 134              		.thumb_func
 136              	SVC_Handler:
 137              	.LFB70:
  34:Core/Src/stm32f1xx_it.c **** }
  35:Core/Src/stm32f1xx_it.c **** 
  36:Core/Src/stm32f1xx_it.c **** void SVC_Handler(void)
  37:Core/Src/stm32f1xx_it.c **** {
 138              		.loc 1 37 1 view -0
 139              		.cfi_startproc
 140              		@ args = 0, pretend = 0, frame = 0
 141              		@ frame_needed = 0, uses_anonymous_args = 0
ARM GAS  C:\Users\PC\AppData\Local\Temp\ccjQtjTS.s 			page 4


 142              		@ link register save eliminated.
  38:Core/Src/stm32f1xx_it.c **** }
 143              		.loc 1 38 1 view .LVU19
 144 0000 7047     		bx	lr
 145              		.cfi_endproc
 146              	.LFE70:
 148              		.section	.text.DebugMon_Handler,"ax",%progbits
 149              		.align	1
 150              		.global	DebugMon_Handler
 151              		.syntax unified
 152              		.thumb
 153              		.thumb_func
 155              	DebugMon_Handler:
 156              	.LFB71:
  39:Core/Src/stm32f1xx_it.c **** 
  40:Core/Src/stm32f1xx_it.c **** void DebugMon_Handler(void)
  41:Core/Src/stm32f1xx_it.c **** {
 157              		.loc 1 41 1 view -0
 158              		.cfi_startproc
 159              		@ args = 0, pretend = 0, frame = 0
 160              		@ frame_needed = 0, uses_anonymous_args = 0
 161              		@ link register save eliminated.
  42:Core/Src/stm32f1xx_it.c **** }
 162              		.loc 1 42 1 view .LVU21
 163 0000 7047     		bx	lr
 164              		.cfi_endproc
 165              	.LFE71:
 167              		.section	.text.PendSV_Handler,"ax",%progbits
 168              		.align	1
 169              		.global	PendSV_Handler
 170              		.syntax unified
 171              		.thumb
 172              		.thumb_func
 174              	PendSV_Handler:
 175              	.LFB72:
  43:Core/Src/stm32f1xx_it.c **** 
  44:Core/Src/stm32f1xx_it.c **** void PendSV_Handler(void)
  45:Core/Src/stm32f1xx_it.c **** {
 176              		.loc 1 45 1 view -0
 177              		.cfi_startproc
 178              		@ args = 0, pretend = 0, frame = 0
 179              		@ frame_needed = 0, uses_anonymous_args = 0
 180              		@ link register save eliminated.
  46:Core/Src/stm32f1xx_it.c **** }
 181              		.loc 1 46 1 view .LVU23
 182 0000 7047     		bx	lr
 183              		.cfi_endproc
 184              	.LFE72:
 186              		.section	.text.SysTick_Handler,"ax",%progbits
 187              		.align	1
 188              		.global	SysTick_Handler
 189              		.syntax unified
 190              		.thumb
 191              		.thumb_func
 193              	SysTick_Handler:
 194              	.LFB73:
  47:Core/Src/stm32f1xx_it.c **** 
ARM GAS  C:\Users\PC\AppData\Local\Temp\ccjQtjTS.s 			page 5


  48:Core/Src/stm32f1xx_it.c **** void SysTick_Handler(void)
  49:Core/Src/stm32f1xx_it.c **** {
 195              		.loc 1 49 1 view -0
 196              		.cfi_startproc
 197              		@ args = 0, pretend = 0, frame = 0
 198              		@ frame_needed = 0, uses_anonymous_args = 0
 199 0000 08B5     		push	{r3, lr}
 200              	.LCFI0:
 201              		.cfi_def_cfa_offset 8
 202              		.cfi_offset 3, -8
 203              		.cfi_offset 14, -4
  50:Core/Src/stm32f1xx_it.c ****   HAL_IncTick();
 204              		.loc 1 50 3 view .LVU25
 205 0002 FFF7FEFF 		bl	HAL_IncTick
 206              	.LVL0:
  51:Core/Src/stm32f1xx_it.c **** }
 207              		.loc 1 51 1 is_stmt 0 view .LVU26
 208 0006 08BD     		pop	{r3, pc}
 209              		.cfi_endproc
 210              	.LFE73:
 212              		.text
 213              	.Letext0:
 214              		.file 2 "../Drivers/STM32F1xx_HAL_Driver/Inc/stm32f1xx_hal.h"
ARM GAS  C:\Users\PC\AppData\Local\Temp\ccjQtjTS.s 			page 6


DEFINED SYMBOLS
                            *ABS*:00000000 stm32f1xx_it.c
C:\Users\PC\AppData\Local\Temp\ccjQtjTS.s:19     .text.NMI_Handler:00000000 $t
C:\Users\PC\AppData\Local\Temp\ccjQtjTS.s:25     .text.NMI_Handler:00000000 NMI_Handler
C:\Users\PC\AppData\Local\Temp\ccjQtjTS.s:38     .text.HardFault_Handler:00000000 $t
C:\Users\PC\AppData\Local\Temp\ccjQtjTS.s:44     .text.HardFault_Handler:00000000 HardFault_Handler
C:\Users\PC\AppData\Local\Temp\ccjQtjTS.s:61     .text.MemManage_Handler:00000000 $t
C:\Users\PC\AppData\Local\Temp\ccjQtjTS.s:67     .text.MemManage_Handler:00000000 MemManage_Handler
C:\Users\PC\AppData\Local\Temp\ccjQtjTS.s:84     .text.BusFault_Handler:00000000 $t
C:\Users\PC\AppData\Local\Temp\ccjQtjTS.s:90     .text.BusFault_Handler:00000000 BusFault_Handler
C:\Users\PC\AppData\Local\Temp\ccjQtjTS.s:107    .text.UsageFault_Handler:00000000 $t
C:\Users\PC\AppData\Local\Temp\ccjQtjTS.s:113    .text.UsageFault_Handler:00000000 UsageFault_Handler
C:\Users\PC\AppData\Local\Temp\ccjQtjTS.s:130    .text.SVC_Handler:00000000 $t
C:\Users\PC\AppData\Local\Temp\ccjQtjTS.s:136    .text.SVC_Handler:00000000 SVC_Handler
C:\Users\PC\AppData\Local\Temp\ccjQtjTS.s:149    .text.DebugMon_Handler:00000000 $t
C:\Users\PC\AppData\Local\Temp\ccjQtjTS.s:155    .text.DebugMon_Handler:00000000 DebugMon_Handler
C:\Users\PC\AppData\Local\Temp\ccjQtjTS.s:168    .text.PendSV_Handler:00000000 $t
C:\Users\PC\AppData\Local\Temp\ccjQtjTS.s:174    .text.PendSV_Handler:00000000 PendSV_Handler
C:\Users\PC\AppData\Local\Temp\ccjQtjTS.s:187    .text.SysTick_Handler:00000000 $t
C:\Users\PC\AppData\Local\Temp\ccjQtjTS.s:193    .text.SysTick_Handler:00000000 SysTick_Handler

UNDEFINED SYMBOLS
HAL_IncTick
